::1 - - [29/Sep/2021:12:00:02 -0400] "GET / HTTP/1.1" 200 2131
::1 - - [29/Sep/2021:12:00:02 -0400] "GET /pageStyle.css HTTP/1.1" 200 5462
::1 - - [29/Sep/2021:12:00:02 -0400] "GET /assets/homeScreen.jpg HTTP/1.1" 200 209960
::1 - - [29/Sep/2021:12:00:03 -0400] "GET /assets/cover.jpg HTTP/1.1" 200 208109
::1 - - [29/Sep/2021:12:00:03 -0400] "GET /assets/avatar.png HTTP/1.1" 200 46076
::1 - - [29/Sep/2021:12:00:13 -0400] "GET /login/signIn.php HTTP/1.1" 200 2447
::1 - - [29/Sep/2021:12:00:13 -0400] "GET /login/signStylesheet.css HTTP/1.1" 200 1818
::1 - - [29/Sep/2021:12:00:13 -0400] "GET /assets/home.jpg HTTP/1.1" 200 249248
::1 - - [29/Sep/2021:12:00:13 -0400] "GET /favicon.ico HTTP/1.1" 404 209
::1 - - [29/Sep/2021:12:00:22 -0400] "GET /login/signIn.php HTTP/1.1" 200 2447
::1 - - [29/Sep/2021:12:00:27 -0400] "POST /login/proccess.php HTTP/1.1" 200 975
::1 - - [29/Sep/2021:12:00:27 -0400] "GET /login/proccessStylesheet.css HTTP/1.1" 200 773
::1 - - [29/Sep/2021:12:00:29 -0400] "POST /login/signIn.php HTTP/1.1" 200 2447
::1 - - [29/Sep/2021:12:00:29 -0400] "GET /login/signStylesheet.css HTTP/1.1" 304 -
::1 - - [29/Sep/2021:12:00:32 -0400] "POST /login/proccess.php HTTP/1.1" 302 734
::1 - - [29/Sep/2021:12:00:32 -0400] "GET /login/homePage.php?username=1 HTTP/1.1" 200 2235
::1 - - [29/Sep/2021:12:00:32 -0400] "GET /login/homeStylesheet.css HTTP/1.1" 200 2042
::1 - - [29/Sep/2021:12:00:32 -0400] "GET /assets/home.jpg HTTP/1.1" 304 -
::1 - - [29/Sep/2021:12:00:41 -0400] "GET /quiz.php?username=1 HTTP/1.1" 200 2261
::1 - - [29/Sep/2021:12:00:41 -0400] "GET /stylesheet.css HTTP/1.1" 200 2440
::1 - - [29/Sep/2021:12:00:41 -0400] "GET /quizStart.js HTTP/1.1" 200 22225
::1 - - [29/Sep/2021:12:00:41 -0400] "GET /phaser.min.js HTTP/1.1" 200 743591
::1 - - [29/Sep/2021:12:00:41 -0400] "GET /preloadState.js HTTP/1.1" 200 5925
::1 - - [29/Sep/2021:12:00:41 -0400] "GET /menu.js HTTP/1.1" 200 974
::1 - - [29/Sep/2021:12:00:41 -0400] "GET /boot.js HTTP/1.1" 200 305
::1 - - [29/Sep/2021:12:00:41 -0400] "GET /quiz.js HTTP/1.1" 200 4099
::1 - - [29/Sep/2021:12:00:41 -0400] "GET /phaser.js HTTP/1.1" 200 3020428
::1 - - [29/Sep/2021:12:00:41 -0400] "GET /assets/vita.png HTTP/1.1" 200 150652
::1 - - [29/Sep/2021:12:00:41 -0400] "GET /assets/pageBack3.jpg HTTP/1.1" 200 249248
::1 - - [29/Sep/2021:12:00:42 -0400] "GET /assets/bar.png HTTP/1.1" 200 138
::1 - - [29/Sep/2021:12:00:42 -0400] "GET /quiz.php?username=1 HTTP/1.1" 200 2261
::1 - - [29/Sep/2021:12:00:42 -0400] "GET /assets/pokeball3.png HTTP/1.1" 200 27787
::1 - - [29/Sep/2021:12:00:42 -0400] "GET /assets/preloadBack.jpg HTTP/1.1" 200 192389
::1 - - [29/Sep/2021:12:00:42 -0400] "GET /assets/play1.png HTTP/1.1" 200 20283
::1 - - [29/Sep/2021:12:00:42 -0400] "GET /assets/title.png HTTP/1.1" 200 33895
::1 - - [29/Sep/2021:12:00:42 -0400] "GET /assets/pokemonOakBack.png HTTP/1.1" 200 63369
::1 - - [29/Sep/2021:12:00:42 -0400] "GET /assets/pokemonOakText.png HTTP/1.1" 200 3081
::1 - - [29/Sep/2021:12:00:42 -0400] "GET /assets/pokeBallAnim.png HTTP/1.1" 200 31711
::1 - - [29/Sep/2021:12:00:42 -0400] "GET /assets/pokemonOakPokemon.png HTTP/1.1" 200 548
::1 - - [29/Sep/2021:12:00:42 -0400] "GET /assets/fightButton3.png HTTP/1.1" 200 536
::1 - - [29/Sep/2021:12:00:42 -0400] "GET /assets/select.mp3 HTTP/1.1" 200 5760
::1 - - [29/Sep/2021:12:00:42 -0400] "GET /assets/menuTheme.mp3 HTTP/1.1" 200 4772395
::1 - - [29/Sep/2021:12:00:42 -0400] "GET /assets/pokemonOakMusic.mp3 HTTP/1.1" 200 986539
::1 - - [29/Sep/2021:12:00:42 -0400] "GET /assets/trainerBattleMusic.mp3 HTTP/1.1" 200 3068817
::1 - - [29/Sep/2021:12:00:42 -0400] "GET /assets/wildBattleBack2.png HTTP/1.1" 200 59269
::1 - - [29/Sep/2021:12:00:42 -0400] "GET /assets/charmeleonBack.png HTTP/1.1" 200 801
::1 - - [29/Sep/2021:12:00:42 -0400] "GET /assets/charmanderBack.png HTTP/1.1" 200 686
::1 - - [29/Sep/2021:12:00:42 -0400] "GET /assets/garyBattle1.png HTTP/1.1" 200 17527
::1 - - [29/Sep/2021:12:00:42 -0400] "GET /assets/playerbaseGrass.png HTTP/1.1" 200 2165
::1 - - [29/Sep/2021:12:00:42 -0400] "GET /assets/playerHealthBar.png HTTP/1.1" 200 380
::1 - - [29/Sep/2021:12:00:42 -0400] "GET /assets/enemybaseGrass.png HTTP/1.1" 200 2110
::1 - - [29/Sep/2021:12:00:42 -0400] "GET /assets/enemyHealthBar.png HTTP/1.1" 200 311
::1 - - [29/Sep/2021:12:00:42 -0400] "GET /assets/squirtle.png HTTP/1.1" 200 650
::1 - - [29/Sep/2021:12:00:42 -0400] "GET /assets/battleMoves.png HTTP/1.1" 200 496
::1 - - [29/Sep/2021:12:00:42 -0400] "GET /assets/battleOption.png HTTP/1.1" 200 346
::1 - - [29/Sep/2021:12:00:42 -0400] "GET /assets/squirtleCry.mp3 HTTP/1.1" 200 14366
::1 - - [29/Sep/2021:12:00:42 -0400] "GET /assets/charmanderCry.mp3 HTTP/1.1" 200 16971
::1 - - [29/Sep/2021:12:00:42 -0400] "GET /assets/scratch.mp3 HTTP/1.1" 200 8358
::1 - - [29/Sep/2021:12:00:42 -0400] "GET /assets/normalDamage.mp3 HTTP/1.1" 200 22144
::1 - - [29/Sep/2021:12:00:42 -0400] "GET /assets/scratchAnim.png HTTP/1.1" 200 715
::1 - - [29/Sep/2021:12:00:42 -0400] "GET /assets/playerThrow3.png HTTP/1.1" 200 109762
::1 - - [29/Sep/2021:12:00:42 -0400] "GET /assets/victoryTrainer.mp3 HTTP/1.1" 200 1435238
